pdf417MobiCustomUISample/build/intermediates/manifest_merge_blame_file/debug/manifest-merger-blame-debug-report.txt
1<?xml version="1.0" encoding="utf-8"?>
2<manifest xmlns:android="http://schemas.android.com/apk/res/android"
3    package="dev.pdf417censo.com" >
4
5    <uses-sdk
6        android:minSdkVersion="25"
6-->src/main/AndroidManifest.xml
7        android:targetSdkVersion="30" />
7-->src/main/AndroidManifest.xml
8
9    <uses-permission android:name="android.permission.CAMERA" />
9-->src/main/AndroidManifest.xml:6:5-65
9-->src/main/AndroidManifest.xml:6:22-62
10    <uses-permission android:name="android.permission.FLASHLIGHT" />
10-->src/main/AndroidManifest.xml:7:5-69
10-->src/main/AndroidManifest.xml:7:22-66
11    <uses-permission android:name="android.permission.INTERNET" />
11-->src/main/AndroidManifest.xml:8:5-67
11-->src/main/AndroidManifest.xml:8:22-64
12    <uses-permission android:name="android.permission.WRITE_EXTERNAL_STORAGE" />
12-->src/main/AndroidManifest.xml:9:5-81
12-->src/main/AndroidManifest.xml:9:22-78
13    <uses-permission android:name="android.permission.READ_EXTERNAL_STORAGE" />
13-->src/main/AndroidManifest.xml:10:5-80
13-->src/main/AndroidManifest.xml:10:22-77
14    <uses-permission android:name="android.permission.MANAGE_EXTERNAL_STORAGE" />
14-->src/main/AndroidManifest.xml:11:5-82
14-->src/main/AndroidManifest.xml:11:22-79
15
16    <uses-feature android:name="android.hardware.camera" />
16-->src/main/AndroidManifest.xml:13:5-60
16-->src/main/AndroidManifest.xml:13:19-57
17    <uses-feature
17-->src/main/AndroidManifest.xml:14:5-16:36
18        android:name="android.hardware.camera.autofocus"
18-->src/main/AndroidManifest.xml:15:9-57
19        android:required="false" />
19-->src/main/AndroidManifest.xml:16:9-33
20    <uses-feature
20-->src/main/AndroidManifest.xml:17:5-19:36
21        android:name="android.hardware.camera.flash"
21-->src/main/AndroidManifest.xml:18:9-53
22        android:required="false" />
22-->src/main/AndroidManifest.xml:19:9-33
23    <uses-feature
23-->src/main/AndroidManifest.xml:20:5-22:49
24        android:glEsVersion="0x00020000"
24-->src/main/AndroidManifest.xml:21:9-41
25        android:required="false" />
25-->src/main/AndroidManifest.xml:22:9-33
26
27    <supports-screens
27-->[com.microblink:pdf417.mobi:8.0.0] AndroidManifest.xml:12:5-18:40
28        android:anyDensity="true"
28-->[com.microblink:pdf417.mobi:8.0.0] AndroidManifest.xml:13:9-34
29        android:largeScreens="true"
29-->[com.microblink:pdf417.mobi:8.0.0] AndroidManifest.xml:14:9-36
30        android:normalScreens="true"
30-->[com.microblink:pdf417.mobi:8.0.0] AndroidManifest.xml:15:9-37
31        android:resizeable="true"
31-->[com.microblink:pdf417.mobi:8.0.0] AndroidManifest.xml:16:9-34
32        android:smallScreens="true"
32-->[com.microblink:pdf417.mobi:8.0.0] AndroidManifest.xml:17:9-36
33        android:xlargeScreens="true" />
33-->[com.microblink:pdf417.mobi:8.0.0] AndroidManifest.xml:18:9-37
34
35    <application
35-->src/main/AndroidManifest.xml:24:5-58:19
36        android:name="dev.pdf417censo.com.CustomUIDemoApp"
36-->src/main/AndroidManifest.xml:25:9-40
37        android:allowBackup="true"
37-->src/main/AndroidManifest.xml:26:9-35
38        android:appComponentFactory="androidx.core.app.CoreComponentFactory"
38-->[androidx.core:core:1.3.0] AndroidManifest.xml:24:18-86
39        android:debuggable="true"
40        android:extractNativeLibs="false"
41        android:icon="@drawable/ic_launcher"
41-->src/main/AndroidManifest.xml:27:9-45
42        android:label="@string/app_name"
42-->src/main/AndroidManifest.xml:28:9-41
43        android:largeHeap="true"
43-->[com.microblink:pdf417.mobi:8.0.0] AndroidManifest.xml:34:9-33
44        android:requestLegacyExternalStorage="true"
44-->src/main/AndroidManifest.xml:29:9-52
45        android:supportsRtl="true"
45-->[com.liyu.tools:sqlitetoexcel:1.0.10] AndroidManifest.xml:14:9-35
46        android:testOnly="true"
47        android:theme="@style/AppTheme" >
47-->src/main/AndroidManifest.xml:30:9-40
48        <activity android:name="dev.pdf417censo.com.SplashActivity" >
48-->src/main/AndroidManifest.xml:31:9-38:20
48-->src/main/AndroidManifest.xml:32:13-43
49            <intent-filter>
49-->src/main/AndroidManifest.xml:33:13-37:29
50                <action android:name="android.intent.action.MAIN" />
50-->src/main/AndroidManifest.xml:34:17-69
50-->src/main/AndroidManifest.xml:34:25-66
51
52                <category android:name="android.intent.category.LAUNCHER" />
52-->src/main/AndroidManifest.xml:36:17-77
52-->src/main/AndroidManifest.xml:36:27-74
53            </intent-filter>
54        </activity>
55        <activity android:name="dev.pdf417censo.com.LoginActivity" >
55-->src/main/AndroidManifest.xml:39:9-41:20
55-->src/main/AndroidManifest.xml:40:13-42
56        </activity>
57        <activity android:name="dev.pdf417censo.com.PickDataActivity" >
57-->src/main/AndroidManifest.xml:42:9-45:20
57-->src/main/AndroidManifest.xml:43:13-45
58        </activity>
59        <activity
59-->src/main/AndroidManifest.xml:46:9-51:20
60            android:name="dev.pdf417censo.com.MainActivity"
60-->src/main/AndroidManifest.xml:47:13-41
61            android:label="@string/app_name"
61-->src/main/AndroidManifest.xml:48:13-45
62            android:screenOrientation="portrait" >
62-->src/main/AndroidManifest.xml:49:13-49
63        </activity>
64        <activity
64-->src/main/AndroidManifest.xml:52:9-54:89
65            android:name="com.microblink.blinkbarcode.activity.BarcodeScanActivity"
65-->src/main/AndroidManifest.xml:53:13-84
66            android:configChanges="orientation|screenSize"
66-->[com.microblink:pdf417.mobi:8.0.0] AndroidManifest.xml:38:13-59
67            android:screenOrientation="nosensor"
67-->[com.microblink:pdf417.mobi:8.0.0] AndroidManifest.xml:39:13-49
68            android:theme="@android:style/Theme.Black.NoTitleBar.Fullscreen" />
68-->src/main/AndroidManifest.xml:54:13-77
69        <activity
69-->src/main/AndroidManifest.xml:55:9-57:61
70            android:name="dev.pdf417censo.com.CustomUIScanActivity"
70-->src/main/AndroidManifest.xml:56:13-49
71            android:screenOrientation="portrait" />
71-->src/main/AndroidManifest.xml:57:13-49
72    </application>
73
74</manifest>